20:00:37.081 [AsyncHttpClient-1-2] DEBUG io.netty.util.Recycler - -Dio.netty.recycler.blocking: false
20:00:38.083 [AsyncHttpClient-1-2] DEBUG io.netty.handler.codec.compression.Brotli - brotli4j not in the classpath; Brotli support will be unavailable.
20:00:38.283 [main] DEBUG io.netty.util.internal.ThreadLocalRandom - -Dio.netty.initialSeedUniquifier: 0x5ba4baadd341263e
20:00:41.251 [main] INFO  com.mindtree.utility.BaseTest - Homepage loaded successfully
20:00:42.746 [main] INFO  com.mindtree.utility.BaseTest - clicked on the profile
20:00:44.010 [main] INFO  com.mindtree.utility.BaseTest - clicked on the SignUp option
20:00:47.578 [main] INFO  com.mindtree.utility.BaseTest - Email entered successfully
20:00:58.883 [main] INFO  com.mindtree.utility.BaseTest - clicked on the profile
20:00:59.040 [main] INFO  com.mindtree.utility.BaseTest - clicked on the login option
20:01:02.309 [main] INFO  com.mindtree.utility.BaseTest - Email entered successfully
20:01:02.461 [main] INFO  com.mindtree.utility.BaseTest - password entered successfully
20:01:03.564 [main] INFO  com.mindtree.utility.BaseTest - Login Successfully...... 
20:01:06.431 [main] INFO  com.mindtree.utility.BaseTest - clicked on the profile
20:01:07.806 [main] INFO  com.mindtree.utility.BaseTest - clicked on the logout option
20:01:07.807 [main] INFO  com.mindtree.utility.BaseTest - logout Successfully...... 
20:01:11.666 [main] INFO  com.mindtree.utility.BaseTest - Entering the product name and Searching for the product
20:01:14.729 [main] INFO  com.mindtree.utility.BaseTest - Searched product displayed successfully
20:01:16.916 [main] INFO  com.mindtree.utility.BaseTest - Navigated to Add to Cart section
20:01:19.665 [main] INFO  com.mindtree.utility.BaseTest - clicked on the Continue shopping 
20:01:21.041 [main] INFO  com.mindtree.utility.BaseTest - item is selected 
20:01:22.681 [main] INFO  com.mindtree.utility.BaseTest - contact us page loaded successfully
20:01:28.531 [main] INFO  com.mindtree.utility.BaseTest - text is displayed successfully
