17:51:52.963 [AsyncHttpClient-1-2] DEBUG io.netty.util.Recycler - -Dio.netty.recycler.blocking: false
17:51:54.105 [AsyncHttpClient-1-2] DEBUG io.netty.handler.codec.compression.Brotli - brotli4j not in the classpath; Brotli support will be unavailable.
17:51:54.394 [main] DEBUG io.netty.util.internal.ThreadLocalRandom - -Dio.netty.initialSeedUniquifier: 0xa5ea8c60d29a5d1e
17:51:58.064 [main] INFO  com.mindtree.utility.BaseTest - Homepage loaded successfully
17:51:59.836 [main] INFO  com.mindtree.utility.BaseTest - clicked on the profile
17:52:00.839 [main] INFO  com.mindtree.utility.BaseTest - clicked on the SignUp option
17:52:04.560 [main] INFO  com.mindtree.utility.BaseTest - Email entered successfully
17:52:16.033 [main] INFO  com.mindtree.utility.BaseTest - clicked on the profile
17:52:16.243 [main] INFO  com.mindtree.utility.BaseTest - clicked on the login option
17:52:19.498 [main] INFO  com.mindtree.utility.BaseTest - Email entered successfully
17:52:19.665 [main] INFO  com.mindtree.utility.BaseTest - password entered successfully
17:52:20.703 [main] INFO  com.mindtree.utility.BaseTest - Login Successfully...... 
17:52:23.499 [main] INFO  com.mindtree.utility.BaseTest - clicked on the profile
17:52:24.342 [main] INFO  com.mindtree.utility.BaseTest - clicked on the logout option
17:52:24.342 [main] INFO  com.mindtree.utility.BaseTest - logout Successfully...... 
17:52:28.652 [main] INFO  com.mindtree.utility.BaseTest - Entering the product name and Searching for the product
17:52:31.700 [main] INFO  com.mindtree.utility.BaseTest - Searched product displayed successfully
17:52:33.089 [main] INFO  com.mindtree.utility.BaseTest - Navigated to Add to Cart section
17:52:35.824 [main] INFO  com.mindtree.utility.BaseTest - clicked on the Continue shopping 
17:52:36.764 [main] INFO  com.mindtree.utility.BaseTest - item is selected 
17:52:38.711 [main] INFO  com.mindtree.utility.BaseTest - contact us page loaded successfully
17:52:44.621 [main] INFO  com.mindtree.utility.BaseTest - text is displayed successfully
