13:57:15.606 [AsyncHttpClient-1-2] DEBUG io.netty.util.Recycler - -Dio.netty.recycler.blocking: false
13:57:16.645 [AsyncHttpClient-1-2] DEBUG io.netty.handler.codec.compression.Brotli - brotli4j not in the classpath; Brotli support will be unavailable.
13:57:16.842 [main] DEBUG io.netty.util.internal.ThreadLocalRandom - -Dio.netty.initialSeedUniquifier: 0x092b37c0eabb5bba
13:57:22.646 [main] INFO  com.mindtree.utility.BaseTest - Homepage loaded successfully
13:57:24.770 [main] INFO  com.mindtree.utility.BaseTest - Logo  is  verified successfully
13:57:25.949 [main] INFO  com.mindtree.utility.BaseTest - clicked on the profile
13:57:29.738 [main] INFO  com.mindtree.utility.BaseTest - clicked on the SignUp option
13:57:33.185 [main] INFO  com.mindtree.utility.BaseTest - Email entered successfully
13:57:33.186 [main] INFO  com.mindtree.utility.BaseTest - password entered successfully
13:57:33.345 [main] INFO  com.mindtree.utility.BaseTest - signup is failed 
13:57:34.312 [main] INFO  com.mindtree.utility.BaseTest - clicked on the profile
13:57:35.430 [main] INFO  com.mindtree.utility.BaseTest - clicked on the login option
13:57:38.719 [main] INFO  com.mindtree.utility.BaseTest - Email entered successfully
13:57:38.979 [main] INFO  com.mindtree.utility.BaseTest - password entered successfully
13:57:40.225 [main] INFO  com.mindtree.utility.BaseTest - Login Successfully...... 
13:57:43.482 [main] INFO  com.mindtree.utility.BaseTest - clicked on the profile
13:57:44.407 [main] INFO  com.mindtree.utility.BaseTest - clicked on the logout option
13:57:44.407 [main] INFO  com.mindtree.utility.BaseTest - logout Successfully...... 
13:57:48.232 [main] INFO  com.mindtree.utility.BaseTest - Entering the product name and Searching for the product
13:57:51.351 [main] INFO  com.mindtree.utility.BaseTest - Searched product displayed successfully
13:57:52.325 [main] INFO  com.mindtree.utility.BaseTest - Hover action performed successfully
13:57:59.350 [main] INFO  com.mindtree.utility.BaseTest - desired page loaded successfully
